{
  "RSpec": {
    "coverage": {
      "/Users/jennybranham/Documents/GitHub/Turing/3mod/projects/sweater-weather/app/controllers/api/v1/forecast_controller.rb": {
        "lines": [
          1,
          1,
          1,
          1,
          null,
          null
        ]
      },
      "/Users/jennybranham/Documents/GitHub/Turing/3mod/projects/sweater-weather/app/controllers/application_controller.rb": {
        "lines": [
          1,
          null
        ]
      },
      "/Users/jennybranham/Documents/GitHub/Turing/3mod/projects/sweater-weather/app/facades/forecast_facade.rb": {
        "lines": [
          1,
          1,
          1,
          1,
          1,
          null,
          1,
          1,
          null,
          null,
          null,
          null,
          null,
          null,
          1,
          1,
          null,
          null,
          null,
          null,
          null,
          null,
          null,
          null,
          null,
          null,
          null,
          null,
          null,
          null,
          1,
          null,
          8,
          null,
          null,
          null,
          null,
          null,
          null,
          null,
          null,
          1,
          null,
          null,
          1,
          null,
          48,
          null,
          null,
          null,
          null,
          null,
          1,
          null,
          null
        ]
      },
      "/Users/jennybranham/Documents/GitHub/Turing/3mod/projects/sweater-weather/app/services/mapquest_service.rb": {
        "lines": [
          1,
          1,
          3,
          null,
          null,
          null,
          3,
          3,
          3,
          null,
          3,
          null,
          null,
          1,
          3,
          null,
          null
        ]
      },
      "/Users/jennybranham/Documents/GitHub/Turing/3mod/projects/sweater-weather/app/services/weather_service.rb": {
        "lines": [
          1,
          1,
          4,
          null,
          null,
          null,
          null,
          null,
          4,
          4,
          4,
          null,
          4,
          null,
          null,
          1,
          4,
          null,
          null
        ]
      },
      "/Users/jennybranham/Documents/GitHub/Turing/3mod/projects/sweater-weather/app/serializers/forecast_serializer.rb": {
        "lines": [
          1,
          1,
          1,
          1,
          null
        ]
      }
    },
    "timestamp": 1619221726
  }
}
