{
  "RSpec": {
    "coverage": {
      "/Users/jennybranham/Documents/GitHub/Turing/3mod/projects/sweater-weather/app/controllers/api/v1/forecast_controller.rb": {
        "lines": [
          1,
          1,
          1,
          0,
          null,
          null
        ]
      },
      "/Users/jennybranham/Documents/GitHub/Turing/3mod/projects/sweater-weather/app/controllers/application_controller.rb": {
        "lines": [
          1,
          null
        ]
      },
      "/Users/jennybranham/Documents/GitHub/Turing/3mod/projects/sweater-weather/app/services/mapquest_service.rb": {
        "lines": [
          1,
          1,
          2,
          null,
          null,
          null,
          2,
          2,
          2,
          null,
          2,
          null,
          null,
          1,
          2,
          null,
          null
        ]
      },
      "/Users/jennybranham/Documents/GitHub/Turing/3mod/projects/sweater-weather/app/services/weather_service.rb": {
        "lines": [
          1,
          1,
          3,
          null,
          null,
          null,
          null,
          3,
          3,
          3,
          null,
          3,
          null,
          null,
          1,
          3,
          null,
          null
        ]
      }
    },
    "timestamp": 1619214027
  }
}
